proguard/seeds.txt
ru.mendeo.chronos.AppWidgetBase: AppWidgetBase()
ru.mendeo.chronos.AppWidget_2x2
ru.mendeo.chronos.AppWidget_2x2: AppWidget_2x2()
ru.mendeo.chronos.AppWidget_4x1
ru.mendeo.chronos.AppWidget_4x1: AppWidget_4x1()
ru.mendeo.chronos.CalendarView
ru.mendeo.chronos.CalendarView: CalendarView(android.content.Context)
ru.mendeo.chronos.CalendarView: CalendarView(android.content.Context,android.util.AttributeSet)
ru.mendeo.chronos.CalendarView: CalendarView(android.content.Context,android.util.AttributeSet,int)
ru.mendeo.chronos.CalendarView: void setOnDateChangeListener(ru.mendeo.chronos.CalendarView$OnDateChangeListener)
ru.mendeo.chronos.CalendarView: int getCurrentTimeDayNumber()
ru.mendeo.chronos.CalendarView: int getCurrentTimeMonth()
ru.mendeo.chronos.CalendarView: int getCurrentTimeYear()
ru.mendeo.chronos.ChronosMainActivity
ru.mendeo.chronos.ChronosMainActivity: ChronosMainActivity()
ru.mendeo.chronos.ChronosPreferences
ru.mendeo.chronos.ChronosPreferences: ChronosPreferences()
ru.mendeo.chronos.EllipsizingTextView
ru.mendeo.chronos.EllipsizingTextView: EllipsizingTextView(android.content.Context)
ru.mendeo.chronos.EllipsizingTextView: EllipsizingTextView(android.content.Context,android.util.AttributeSet)
ru.mendeo.chronos.EllipsizingTextView: EllipsizingTextView(android.content.Context,android.util.AttributeSet,int)
ru.mendeo.chronos.EllipsizingTextView: void setMaxLines(int)
ru.mendeo.chronos.EllipsizingTextView: int getMaxLinesOwn()
ru.mendeo.chronos.EllipsizingTextView: float[] getLineSpacing()
ru.mendeo.chronos.EllipsizingTextView: void setEllipsize(android.text.TextUtils$TruncateAt)
ru.mendeo.chronos.GetSizeLinearLayout
ru.mendeo.chronos.GetSizeLinearLayout: GetSizeLinearLayout(android.content.Context)
ru.mendeo.chronos.GetSizeLinearLayout: GetSizeLinearLayout(android.content.Context,android.util.AttributeSet)
ru.mendeo.chronos.GetSizeLinearLayout: void setOnSizeChangedListener(ru.mendeo.chronos.GetSizeLinearLayout$OnSizeChangedListener)
ru.mendeo.chronos.HistoryFullInfoActivity
ru.mendeo.chronos.HistoryFullInfoActivity: HistoryFullInfoActivity()
ru.mendeo.chronos.HolidaysFullInfoActivity
ru.mendeo.chronos.HolidaysFullInfoActivity: HolidaysFullInfoActivity()
ru.mendeo.chronos.InfoActivity
ru.mendeo.chronos.InfoActivity: InfoActivity()
ru.mendeo.chronos.ListViewForSliding
ru.mendeo.chronos.ListViewForSliding: ListViewForSliding(android.content.Context)
ru.mendeo.chronos.ListViewForSliding: ListViewForSliding(android.content.Context,android.util.AttributeSet)
ru.mendeo.chronos.ListViewForSliding: ListViewForSliding(android.content.Context,android.util.AttributeSet,int)
ru.mendeo.chronos.MoonAstroInfoActivity
ru.mendeo.chronos.MoonAstroInfoActivity: MoonAstroInfoActivity()
ru.mendeo.chronos.MoonCalendarActivity
ru.mendeo.chronos.MoonCalendarActivity: MoonCalendarActivity()
ru.mendeo.chronos.MoonFactsActivity
ru.mendeo.chronos.MoonFactsActivity: MoonFactsActivity()
ru.mendeo.chronos.R$anim: int abc_fade_in
ru.mendeo.chronos.R$anim: int abc_fade_out
ru.mendeo.chronos.R$anim: int abc_grow_fade_in_from_bottom
ru.mendeo.chronos.R$anim: int abc_popup_enter
ru.mendeo.chronos.R$anim: int abc_popup_exit
ru.mendeo.chronos.R$anim: int abc_shrink_fade_out_from_bottom
ru.mendeo.chronos.R$anim: int abc_slide_in_bottom
ru.mendeo.chronos.R$anim: int abc_slide_in_top
ru.mendeo.chronos.R$anim: int abc_slide_out_bottom
ru.mendeo.chronos.R$anim: int abc_slide_out_top
ru.mendeo.chronos.R$array: int auto_location_freq_pref
ru.mendeo.chronos.R$array: int days_of_week
ru.mendeo.chronos.R$array: int month_list
ru.mendeo.chronos.R$array: int moon_phases
...
android.support.v7.widget.ActivityChooserView: void setActivityChooserModel(android.support.v7.widget.ActivityChooserModel)
android.support.v7.widget.ActivityChooserView: void setExpandActivityOverflowButtonDrawable(android.graphics.drawable.Drawable)
android.support.v7.widget.ActivityChooserView: void setExpandActivityOverflowButtonContentDescription(int)
android.support.v7.widget.ActivityChooserView: void setProvider(android.support.v4.view.ActionProvider)
android.support.v7.widget.ActivityChooserView: android.support.v7.widget.ActivityChooserModel getDataModel()
android.support.v7.widget.ActivityChooserView: void setOnDismissListener(android.widget.PopupWindow$OnDismissListener)
android.support.v7.widget.ActivityChooserView: void setInitialActivityCount(int)
android.support.v7.widget.ActivityChooserView: void setDefaultActionButtonContentDescription(int)
android.support.v7.widget.ActivityChooserView: android.support.v7.widget.ListPopupWindow getListPopupWindow()
android.support.v7.widget.ActivityChooserView$InnerLayout
android.support.v7.widget.ActivityChooserView$InnerLayout: ActivityChooserView$InnerLayout(android.content.Context,android.util.AttributeSet)
android.support.v7.widget.AppCompatAutoCompleteTextView: AppCompatAutoCompleteTextView(android.content.Context)
android.support.v7.widget.AppCompatAutoCompleteTextView: AppCompatAutoCompleteTextView(android.content.Context,android.util.AttributeSet)
android.support.v7.widget.AppCompatAutoCompleteTextView: AppCompatAutoCompleteTextView(android.content.Context,android.util.AttributeSet,int)
android.support.v7.widget.AppCompatAutoCompleteTextView: void setDropDownBackgroundResource(int)
android.support.v7.widget.AppCompatAutoCompleteTextView: void setBackgroundResource(int)
android.support.v7.widget.AppCompatAutoCompleteTextView: void setBackgroundDrawable(android.graphics.drawable.Drawable)
android.support.v7.widget.AppCompatAutoCompleteTextView: void setSupportBackgroundTintList(android.content.res.ColorStateList)
android.support.v7.widget.AppCompatAutoCompleteTextView: android.content.res.ColorStateList getSupportBackgroundTintList()
android.support.v7.widget.AppCompatAutoCompleteTextView: void setSupportBackgroundTintMode(android.graphics.PorterDuff$Mode)
android.support.v7.widget.AppCompatAutoCompleteTextView: android.graphics.PorterDuff$Mode getSupportBackgroundTintMode()
android.support.v7.widget.AppCompatButton: void setBackgroundResource(int)
android.support.v7.widget.AppCompatButton: void setBackgroundDrawable(android.graphics.drawable.Drawable)
android.support.v7.widget.AppCompatButton: void setSupportBackgroundTintList(android.content.res.ColorStateList)
android.support.v7.widget.AppCompatButton: android.content.res.ColorStateList getSupportBackgroundTintList()
android.support.v7.widget.AppCompatButton: void setSupportBackgroundTintMode(android.graphics.PorterDuff$Mode)
android.support.v7.widget.AppCompatButton: android.graphics.PorterDuff$Mode getSupportBackgroundTintMode()
android.support.v7.widget.AppCompatButton: void setSupportAllCaps(boolean)
android.support.v7.widget.AppCompatCheckBox: void setButtonDrawable(android.graphics.drawable.Drawable)
android.support.v7.widget.AppCompatCheckBox: void setButtonDrawable(int)
android.support.v7.widget.AppCompatCheckBox: int getCompoundPaddingLeft()
android.support.v7.widget.AppCompatCheckBox: void setSupportButtonTintList(android.content.res.ColorStateList)
android.support.v7.widget.AppCompatCheckBox: android.content.res.ColorStateList getSupportButtonTintList()
android.support.v7.widget.AppCompatCheckBox: void setSupportButtonTintMode(android.graphics.PorterDuff$Mode)
android.support.v7.widget.AppCompatCheckBox: android.graphics.PorterDuff$Mode getSupportButtonTintMode()
android.support.v7.widget.AppCompatCheckedTextView: void setCheckMarkDrawable(int)