proguard/mapping.txt
ru.mendeo.chronos.AppWidgetBase -> ru.mendeo.chronos.a:
    int getWidgetId() -> a
    void onReceive(android.content.Context,android.content.Intent) -> onReceive
    void onUpdate(android.content.Context,android.appwidget.AppWidgetManager,int[]) -> onUpdate
    void startUpdate(android.content.Context,java.lang.String) -> a
ru.mendeo.chronos.AppWidget_2x2 -> ru.mendeo.chronos.AppWidget_2x2:
    int getWidgetId() -> a
ru.mendeo.chronos.AppWidget_4x1 -> ru.mendeo.chronos.AppWidget_4x1:
    int getWidgetId() -> a
ru.mendeo.chronos.AstroCalcModules -> ru.mendeo.chronos.b:
    int mCurrentMonth -> a
    int mCurrentYear -> b
    double[] mCurrentMonthDaysOfMainMoonPhases -> c
    int[] mCurrentMonthTypesOfMainMoonPhases -> d
    int[] mObjectEventDaysOfYear -> e
    int[] mObjectEventYear -> f
    double[] mObjectEventLongitude -> g
    double[] mObjectEventLatitude -> h
    java.util.Calendar[] mObjectEventTimes -> i
    double[] mObjectTransitHeight -> j
    double[] mOblectTransitLongitude -> k
    double[] mOblectTransitLatitude -> l
    int[] mObjectTransitHeightDate -> m
    double mSunHorisontHeight -> n
    double mMoonHorisontHeight -> o
    int mDateOfMoonHorisontHeight -> p
    double[] GetDaysOfMoonMainPhases(ru.mendeo.chronos.AstroCalcModules$GregorianDate,int) -> a
    java.util.Calendar[] GetMoonMoonMainPhases(java.util.Calendar,int) -> a
    double GetMoonVisiblePercents(java.util.Calendar) -> a
    boolean IsLeapYear(int) -> b
    void CheckOrCreateMoonMainPhasesArrays(ru.mendeo.chronos.AstroCalcModules$GregorianDate) -> a
    int GetMoonPhasePreserve(java.util.Calendar) -> b
    double[] GetSolarCoordinates(double) -> b
    double[] GetMoonCoordinatesOrDistance(double,boolean) -> a
    double GetMoonDistance(java.util.Calendar) -> c
    double GetSiderealTime(double) -> c
    java.util.Calendar GetRisingTransitOrSetting(java.util.Calendar,int,int,double,double) -> b
    java.util.Calendar GetRisingTransitOrSettingPreserve(java.util.Calendar,int,int,double,double) -> a
ru.mendeo.chronos.AstroCalcModules$GregorianDate -> ru.mendeo.chronos.c:
    int Year -> a
    int Month -> b
    double RealDay -> c
ru.mendeo.chronos.BackgroundLineDrawable -> ru.mendeo.chronos.d:
    int mAlpha -> a
    void draw(android.graphics.Canvas) -> draw
    void setAlpha(int) -> setAlpha
    void setColorFilter(android.graphics.ColorFilter) -> setColorFilter
    int getOpacity() -> getOpacity
    android.graphics.drawable.Drawable$ConstantState getConstantState() -> getConstantState
ru.mendeo.chronos.BackgroundLineDrawable$ConstantStateRealization -> ru.mendeo.chronos.e:
    ru.mendeo.chronos.BackgroundLineDrawable this$0 -> a
    int getChangingConfigurations() -> getChangingConfigurations
    android.graphics.drawable.Drawable newDrawable() -> newDrawable
...
android.support.v4.app.LoaderManagerImpl$LoaderInfo -> android.support.v4.app.bb:
    int mId -> a
    android.os.Bundle mArgs -> b
    android.support.v4.app.LoaderManager$LoaderCallbacks mCallbacks -> c
    android.support.v4.content.Loader mLoader -> d
    boolean mHaveData -> e
    boolean mDeliveredData -> f
    java.lang.Object mData -> g
    boolean mStarted -> h
    boolean mRetaining -> i
    boolean mRetainingStarted -> j
    boolean mReportNextStart -> k
    boolean mDestroyed -> l
    boolean mListenerRegistered -> m
    android.support.v4.app.LoaderManagerImpl$LoaderInfo mPendingLoader -> n
    android.support.v4.app.LoaderManagerImpl this$0 -> o
    void start() -> a
    void retain() -> b
    void finishRetain() -> c
    void reportStart() -> d
    void stop() -> e
    void destroy() -> f
    void callOnLoadFinished(android.support.v4.content.Loader,java.lang.Object) -> a
    java.lang.String toString() -> toString
    void dump(java.lang.String,java.io.FileDescriptor,java.io.PrintWriter,java.lang.String[]) -> a
android.support.v4.app.NavUtils -> android.support.v4.app.bc:
    android.support.v4.app.NavUtils$NavUtilsImpl IMPL -> a
    boolean shouldUpRecreateTask(android.app.Activity,android.content.Intent) -> a
    void navigateUpTo(android.app.Activity,android.content.Intent) -> b
    android.content.Intent getParentActivityIntent(android.app.Activity) -> a
    android.content.Intent getParentActivityIntent(android.content.Context,android.content.ComponentName) -> a
    java.lang.String getParentActivityName(android.app.Activity) -> b
    java.lang.String getParentActivityName(android.content.Context,android.content.ComponentName) -> b
android.support.v4.app.NavUtils$NavUtilsImpl -> android.support.v4.app.bd:
    android.content.Intent getParentActivityIntent(android.app.Activity) -> a
    boolean shouldUpRecreateTask(android.app.Activity,android.content.Intent) -> a
    void navigateUpTo(android.app.Activity,android.content.Intent) -> b
    java.lang.String getParentActivityName(android.content.Context,android.content.pm.ActivityInfo) -> a
android.support.v4.app.NavUtils$NavUtilsImplBase -> android.support.v4.app.be:
    android.content.Intent getParentActivityIntent(android.app.Activity) -> a
    boolean shouldUpRecreateTask(android.app.Activity,android.content.Intent) -> a
    void navigateUpTo(android.app.Activity,android.content.Intent) -> b
    java.lang.String getParentActivityName(android.content.Context,android.content.pm.ActivityInfo) -> a
android.support.v4.app.NavUtils$NavUtilsImplJB -> android.support.v4.app.bf:
    android.content.Intent getParentActivityIntent(android.app.Activity) -> a
    android.content.Intent superGetParentActivityIntent(android.app.Activity) -> b
    boolean shouldUpRecreateTask(android.app.Activity,android.content.Intent) -> a
    void navigateUpTo(android.app.Activity,android.content.Intent) -> b
    java.lang.String getParentActivityName(android.content.Context,android.content.pm.ActivityInfo) -> a
android.support.v4.app.NavUtilsJB -> android.support.v4.app.bg:
    android.content.Intent getParentActivityIntent(android.app.Activity) -> a
    boolean shouldUpRecreateTask(android.app.Activity,android.content.Intent) -> a
    void navigateUpTo(android.app.Activity,android.content.Intent) -> b
    java.lang.String getParentActivityName(android.content.pm.ActivityInfo) -> a
android.support.v4.app.NoSaveStateFrameLayout -> android.support.v4.app.bh:
    android.view.ViewGroup wrap(android.view.View) -> a
    void dispatchSaveInstanceState(android.util.SparseArray) -> dispatchSaveInstanceState
    void dispatchRestoreInstanceState(android.util.SparseArray) -> dispatchRestoreInstanceState
android.support.v4.app.NotificationBuilderWithActions -> android.support.v4.app.bi:
    void addAction(android.support.v4.app.NotificationCompatBase$Action) -> a