proguard/usage.txt
ru.mendeo.chronos.AstroCalcModules:
    public static final int OBJECT_MOON
    public static final int OBJECT_SUN
    public static final int EVENT_RISE
    public static final int EVENT_TRANSIT
    public static final int EVENT_SETTING
    public static final int NEW_MOON
    public static final int FIRST_QUARTER
    public static final int FULL_MOON
    public static final int LAST_QUARTER
    public static final double RPD
    public static final double DOUBLE_PI
    public static final double HALF_PI
    18:18:public AstroCalcModules()
ru.mendeo.chronos.BuildConfig
ru.mendeo.chronos.CalendarView:
    private static final int ROWS_NUMBER
    private static final int COLUMNS_NUMBER
    private static final int CELLS_NUMBER
    private static final float X_CELL_RATIO
    private static final float Y_CELL_RATIO
    private static final float X_GRID_RATIO
    private static final float Y_GRID_RATIO
    private static final float BOTTOM_GRID_RATIO
    private static final float X_TITLE_RATIO
    private static final float Y_TITLE_RATIO
    private static final float TOP_TITLE_RATIO
    private static final float LEFT_CHANGE_MONTH_BUTTON_RATIO
    private static final float TOP_CHANGE_MONTH_BUTTON_RATIO
    private static final float TITLE_TEXT_SIZE_RATIO
    private static final float CELL_TEXT_SIZE_RATIO
    private static final int PREVIOUS_MONTH_BUTTON_ID
    private static final int NEXT_MONTH_BUTTON_ID
ru.mendeo.chronos.ChronosMainActivity:
    private static final int PERMISSIONS_REQUEST_ACCESS_FINE_LOCATION
    public static final int HOLIDAYS_SCREEN_NUMBER
    public static final int SUN_SCREEN_NUMBER
    public static final int MOON_SCREEN_NUMBER
    public static final int REMINDERS_SCREEN_NUMBER
    public static final int INVALID_SCREEN
    public static final java.lang.String SELECT_SCREEN_NUMBER
    public static final java.lang.String SHOW_ALL_REMINDERS_STATE
    public static final java.lang.String UNKNOWN_CITY
    public static final java.lang.String UNKNOWN_REGION
    private static final int FUTUTRE_DATE
    private static final int PAST_DATE
    private static final int CURRENT_DATE
    private static final int CONFIRM_DELETE_ALL_REMINDERS_DIALOG
    private static final int ACTIVITY_CREATE
    private static final int ACTIVITY_EDIT
    private static final int ACTIVITY_PRREFERENCES
    private static final int ACTIVITY_INFO
    private static final int ACTIVITY_SET_DATE_AND_TIME_DIALOG
    private static final java.lang.String SUN_FACTS_ID_KEY
    private static final java.lang.String MOON_FACTS_ID_KEY
    private static final java.lang.String SUN_FACTS_LAST_UPDATE_TIME_KEY
    private static final java.lang.String MOON_FACTS_LAST_UPDATE_TIME_KEY
    private static final int LOCATION_AUTO
    private static final int LOCATION_MANUAL
    private static final long MAX_GPS_WAITING_TIME
    private static final long TIME_TO_SAVE_PREVIOUS_DATE
ru.mendeo.chronos.ChronosPreferences:
    private static final int NO_AVAILABLE_ALL_LOCATION_PROVIDERS_DIALOG
    private static final int NO_AVAILABLE_GPS_LOCATION_PROVIDER_DIALOG
    private static final int NO_AVAILABLE_NETWORK_LOCATION_PROVIDER_DIALOG
ru.mendeo.chronos.EllipsizingTextView:
    private static final java.lang.String ELLIPSIS
    45:49:public void addEllipsizeListener(ru.mendeo.chronos.EllipsizingTextView$EllipsizeListener)
    52:53:public void removeEllipsizeListener(ru.mendeo.chronos.EllipsizingTextView$EllipsizeListener)
    56:56:public boolean isEllipsized()
...
android.support.v4.widget.CompoundButtonCompatDonut:
    private static final java.lang.String TAG
    27:27:CompoundButtonCompatDonut()
    41:44:static android.content.res.ColorStateList getButtonTintList(android.widget.CompoundButton)
    54:57:static android.graphics.PorterDuff$Mode getButtonTintMode(android.widget.CompoundButton)
android.support.v4.widget.CompoundButtonCompatLollipop:
    23:23:CompoundButtonCompatLollipop()
    30:30:static android.content.res.ColorStateList getButtonTintList(android.widget.CompoundButton)
    38:38:static android.graphics.PorterDuff$Mode getButtonTintMode(android.widget.CompoundButton)
android.support.v4.widget.ContentLoadingProgressBar
android.support.v4.widget.ContentLoadingProgressBar$1
android.support.v4.widget.ContentLoadingProgressBar$2
android.support.v4.widget.CursorAdapter:
    public static final int FLAG_AUTO_REQUERY
    public static final int FLAG_REGISTER_CONTENT_OBSERVER
    121:123:public CursorAdapter(android.content.Context,android.database.Cursor)
    150:152:public CursorAdapter(android.content.Context,android.database.Cursor,int)
    160:161:protected void init(android.content.Context,android.database.Cursor,boolean)
    420:420:public android.widget.FilterQueryProvider getFilterQueryProvider()
    436:437:public void setFilterQueryProvider(android.widget.FilterQueryProvider)
android.support.v4.widget.DrawerLayout
android.support.v4.widget.DrawerLayout$AccessibilityDelegate
android.support.v4.widget.DrawerLayout$ChildAccessibilityDelegate
android.support.v4.widget.DrawerLayout$DrawerLayoutCompatImpl
android.support.v4.widget.DrawerLayout$DrawerLayoutCompatImplApi21
android.support.v4.widget.DrawerLayout$DrawerLayoutCompatImplBase
android.support.v4.widget.DrawerLayout$DrawerListener
android.support.v4.widget.DrawerLayout$EdgeGravity
android.support.v4.widget.DrawerLayout$LayoutParams
android.support.v4.widget.DrawerLayout$LockMode
android.support.v4.widget.DrawerLayout$SavedState
android.support.v4.widget.DrawerLayout$SavedState$1
android.support.v4.widget.DrawerLayout$SimpleDrawerListener
android.support.v4.widget.DrawerLayout$State
android.support.v4.widget.DrawerLayout$ViewDragCallback
android.support.v4.widget.DrawerLayout$ViewDragCallback$1
android.support.v4.widget.DrawerLayoutCompatApi21
android.support.v4.widget.DrawerLayoutCompatApi21$InsetsListener
android.support.v4.widget.DrawerLayoutImpl
android.support.v4.widget.EdgeEffectCompat:
    179:180:public void finish()
    195:195:public boolean onPull(float)
android.support.v4.widget.EdgeEffectCompat$BaseEdgeEffectImpl:
    74:74:public void finish(java.lang.Object)
    77:77:public boolean onPull(java.lang.Object,float)
android.support.v4.widget.EdgeEffectCompat$EdgeEffectIcsImpl:
    111:112:public void finish(java.lang.Object)
    115:115:public boolean onPull(java.lang.Object,float)
android.support.v4.widget.EdgeEffectCompat$EdgeEffectImpl:
    public abstract void finish(java.lang.Object)
    public abstract boolean onPull(java.lang.Object,float)
android.support.v4.widget.EdgeEffectCompatIcs:
    28:28:EdgeEffectCompatIcs()
    42:43:public static void finish(java.lang.Object)
android.support.v4.widget.EdgeEffectCompatLollipop:
    22:22:EdgeEffectCompatLollipop()
android.support.v4.widget.ExploreByTouchHelper
android.support.v4.widget.ExploreByTouchHelper$1
android.support.v4.widget.ExploreByTouchHelper$ExploreByTouchNodeProvider
android.support.v4.widget.ListPopupWindowCompat
android.support.v4.widget.ListPopupWindowCompat$BaseListPopupWindowImpl
android.support.v4.widget.ListPopupWindowCompat$KitKatListPopupWindowImpl
android.support.v4.widget.ListPopupWindowCompat$ListPopupWindowImpl
android.support.v4.widget.ListPopupWindowCompatKitKat
android.support.v4.widget.ListViewCompat:
    43:43:private ListViewCompat()
android.support.v4.widget.ListViewCompatDonut:
    23:23:ListViewCompatDonut()
android.support.v4.widget.ListViewCompatKitKat:
    22:22:ListViewCompatKitKat()